This is pdfTeX, Version 3.141592653-2.6-1.40.25 (TeX Live 2023) (preloaded format=pdflatex 2023.12.9)  20 APR 2026 19:38
entering extended mode
 restricted \write18 enabled.
 %&-line parsing enabled.
**BHAC/doc/BHAC_plus_documentation.tex
(./BHAC/doc/BHAC_plus_documentation.tex
LaTeX2e <2023-11-01>
L3 programming layer <2023-12-08>
(c:/texlive/2023/texmf-dist/tex/latex/base/article.cls
Document Class: article 2023/05/17 v1.4n Standard LaTeX document class
(c:/texlive/2023/texmf-dist/tex/latex/base/size11.clo
File: size11.clo 2023/05/17 v1.4n Standard LaTeX file (size option)
)
\c@part=\count187
\c@section=\count188
\c@subsection=\count189
\c@subsubsection=\count190
\c@paragraph=\count191
\c@subparagraph=\count192
\c@figure=\count193
\c@table=\count194
\abovecaptionskip=\skip48
\belowcaptionskip=\skip49
\bibindent=\dimen140
)
(c:/texlive/2023/texmf-dist/tex/latex/geometry/geometry.sty
Package: geometry 2020/01/02 v5.9 Page Geometry

(c:/texlive/2023/texmf-dist/tex/latex/graphics/keyval.sty
Package: keyval 2022/05/29 v1.15 key=value parser (DPC)
\KV@toks@=\toks17
)
(c:/texlive/2023/texmf-dist/tex/generic/iftex/ifvtex.sty
Package: ifvtex 2019/10/25 v1.7 ifvtex legacy package. Use iftex instead.

(c:/texlive/2023/texmf-dist/tex/generic/iftex/iftex.sty
Package: iftex 2022/02/03 v1.0f TeX engine tests
))
\Gm@cnth=\count195
\Gm@cntv=\count196
\c@Gm@tempcnt=\count197
\Gm@bindingoffset=\dimen141
\Gm@wd@mp=\dimen142
\Gm@odd@mp=\dimen143
\Gm@even@mp=\dimen144
\Gm@layoutwidth=\dimen145
\Gm@layoutheight=\dimen146
\Gm@layouthoffset=\dimen147
\Gm@layoutvoffset=\dimen148
\Gm@dimlist=\toks18
)
(c:/texlive/2023/texmf-dist/tex/latex/base/fontenc.sty
Package: fontenc 2021/04/29 v2.0v Standard LaTeX package
)
(c:/texlive/2023/texmf-dist/tex/latex/base/inputenc.sty
Package: inputenc 2021/02/14 v1.3d Input encoding file
\inpenc@prehook=\toks19
\inpenc@posthook=\toks20
)
(c:/texlive/2023/texmf-dist/tex/latex/lm/lmodern.sty
Package: lmodern 2015/05/01 v1.6.1 Latin Modern Fonts
LaTeX Font Info:    Overwriting symbol font `operators' in version `normal'
(Font)                  OT1/cmr/m/n --> OT1/lmr/m/n on input line 22.
LaTeX Font Info:    Overwriting symbol font `letters' in version `normal'
(Font)                  OML/cmm/m/it --> OML/lmm/m/it on input line 23.
LaTeX Font Info:    Overwriting symbol font `symbols' in version `normal'
(Font)                  OMS/cmsy/m/n --> OMS/lmsy/m/n on input line 24.
LaTeX Font Info:    Overwriting symbol font `largesymbols' in version `normal'
(Font)                  OMX/cmex/m/n --> OMX/lmex/m/n on input line 25.
LaTeX Font Info:    Overwriting symbol font `operators' in version `bold'
(Font)                  OT1/cmr/bx/n --> OT1/lmr/bx/n on input line 26.
LaTeX Font Info:    Overwriting symbol font `letters' in version `bold'
(Font)                  OML/cmm/b/it --> OML/lmm/b/it on input line 27.
LaTeX Font Info:    Overwriting symbol font `symbols' in version `bold'
(Font)                  OMS/cmsy/b/n --> OMS/lmsy/b/n on input line 28.
LaTeX Font Info:    Overwriting symbol font `largesymbols' in version `bold'
(Font)                  OMX/cmex/m/n --> OMX/lmex/m/n on input line 29.
LaTeX Font Info:    Overwriting math alphabet `\mathbf' in version `normal'
(Font)                  OT1/cmr/bx/n --> OT1/lmr/bx/n on input line 31.
LaTeX Font Info:    Overwriting math alphabet `\mathsf' in version `normal'
(Font)                  OT1/cmss/m/n --> OT1/lmss/m/n on input line 32.
LaTeX Font Info:    Overwriting math alphabet `\mathit' in version `normal'
(Font)                  OT1/cmr/m/it --> OT1/lmr/m/it on input line 33.
LaTeX Font Info:    Overwriting math alphabet `\mathtt' in version `normal'
(Font)                  OT1/cmtt/m/n --> OT1/lmtt/m/n on input line 34.
LaTeX Font Info:    Overwriting math alphabet `\mathbf' in version `bold'
(Font)                  OT1/cmr/bx/n --> OT1/lmr/bx/n on input line 35.
LaTeX Font Info:    Overwriting math alphabet `\mathsf' in version `bold'
(Font)                  OT1/cmss/bx/n --> OT1/lmss/bx/n on input line 36.
LaTeX Font Info:    Overwriting math alphabet `\mathit' in version `bold'
(Font)                  OT1/cmr/bx/it --> OT1/lmr/bx/it on input line 37.
LaTeX Font Info:    Overwriting math alphabet `\mathtt' in version `bold'
(Font)                  OT1/cmtt/m/n --> OT1/lmtt/m/n on input line 38.
)
(c:/texlive/2023/texmf-dist/tex/latex/amsmath/amsmath.sty
Package: amsmath 2023/05/13 v2.17o AMS math features
\@mathmargin=\skip50

For additional information on amsmath, use the `?' option.
(c:/texlive/2023/texmf-dist/tex/latex/amsmath/amstext.sty
Package: amstext 2021/08/26 v2.01 AMS text

(c:/texlive/2023/texmf-dist/tex/latex/amsmath/amsgen.sty
File: amsgen.sty 1999/11/30 v2.0 generic functions
\@emptytoks=\toks21
\ex@=\dimen149
))
(c:/texlive/2023/texmf-dist/tex/latex/amsmath/amsbsy.sty
Package: amsbsy 1999/11/29 v1.2d Bold Symbols
\pmbraise@=\dimen150
)
(c:/texlive/2023/texmf-dist/tex/latex/amsmath/amsopn.sty
Package: amsopn 2022/04/08 v2.04 operator names
)
\inf@bad=\count198
LaTeX Info: Redefining \frac on input line 234.
\uproot@=\count199
\leftroot@=\count266
LaTeX Info: Redefining \overline on input line 399.
LaTeX Info: Redefining \colon on input line 410.
\classnum@=\count267
\DOTSCASE@=\count268
LaTeX Info: Redefining \ldots on input line 496.
LaTeX Info: Redefining \dots on input line 499.
LaTeX Info: Redefining \cdots on input line 620.
\Mathstrutbox@=\box51
\strutbox@=\box52
LaTeX Info: Redefining \big on input line 722.
LaTeX Info: Redefining \Big on input line 723.
LaTeX Info: Redefining \bigg on input line 724.
LaTeX Info: Redefining \Bigg on input line 725.
\big@size=\dimen151
LaTeX Font Info:    Redeclaring font encoding OML on input line 743.
LaTeX Font Info:    Redeclaring font encoding OMS on input line 744.
\macc@depth=\count269
LaTeX Info: Redefining \bmod on input line 905.
LaTeX Info: Redefining \pmod on input line 910.
LaTeX Info: Redefining \smash on input line 940.
LaTeX Info: Redefining \relbar on input line 970.
LaTeX Info: Redefining \Relbar on input line 971.
\c@MaxMatrixCols=\count270
\dotsspace@=\muskip16
\c@parentequation=\count271
\dspbrk@lvl=\count272
\tag@help=\toks22
\row@=\count273
\column@=\count274
\maxfields@=\count275
\andhelp@=\toks23
\eqnshift@=\dimen152
\alignsep@=\dimen153
\tagshift@=\dimen154
\tagwidth@=\dimen155
\totwidth@=\dimen156
\lineht@=\dimen157
\@envbody=\toks24
\multlinegap=\skip51
\multlinetaggap=\skip52
\mathdisplay@stack=\toks25
LaTeX Info: Redefining \[ on input line 2953.
LaTeX Info: Redefining \] on input line 2954.
)
(c:/texlive/2023/texmf-dist/tex/latex/amsfonts/amssymb.sty
Package: amssymb 2013/01/14 v3.01 AMS font symbols

(c:/texlive/2023/texmf-dist/tex/latex/amsfonts/amsfonts.sty
Package: amsfonts 2013/01/14 v3.01 Basic AMSFonts support
\symAMSa=\mathgroup4
\symAMSb=\mathgroup5
LaTeX Font Info:    Redeclaring math symbol \hbar on input line 98.
LaTeX Font Info:    Overwriting math alphabet `\mathfrak' in version `bold'
(Font)                  U/euf/m/n --> U/euf/b/n on input line 106.
))
(c:/texlive/2023/texmf-dist/tex/latex/mathtools/mathtools.sty
Package: mathtools 2022/06/29 v1.29 mathematical typesetting tools

(c:/texlive/2023/texmf-dist/tex/latex/tools/calc.sty
Package: calc 2023/07/08 v4.3 Infix arithmetic (KKT,FJ)
\calc@Acount=\count276
\calc@Bcount=\count277
\calc@Adimen=\dimen158
\calc@Bdimen=\dimen159
\calc@Askip=\skip53
\calc@Bskip=\skip54
LaTeX Info: Redefining \setlength on input line 80.
LaTeX Info: Redefining \addtolength on input line 81.
\calc@Ccount=\count278
\calc@Cskip=\skip55
)
(c:/texlive/2023/texmf-dist/tex/latex/mathtools/mhsetup.sty
Package: mhsetup 2021/03/18 v1.4 programming setup (MH)
)
\g_MT_multlinerow_int=\count279
\l_MT_multwidth_dim=\dimen160
\origjot=\skip56
\l_MT_shortvdotswithinadjustabove_dim=\dimen161
\l_MT_shortvdotswithinadjustbelow_dim=\dimen162
\l_MT_above_intertext_sep=\dimen163
\l_MT_below_intertext_sep=\dimen164
\l_MT_above_shortintertext_sep=\dimen165
\l_MT_below_shortintertext_sep=\dimen166
\xmathstrut@box=\box53
\xmathstrut@dim=\dimen167
)
(c:/texlive/2023/texmf-dist/tex/latex/tools/array.sty
Package: array 2023/10/16 v2.5g Tabular extension package (FMi)
\col@sep=\dimen168
\ar@mcellbox=\box54
\extrarowheight=\dimen169
\NC@list=\toks26
\extratabsurround=\skip57
\backup@length=\skip58
\ar@cellbox=\box55
)
(c:/texlive/2023/texmf-dist/tex/latex/booktabs/booktabs.sty
Package: booktabs 2020/01/12 v1.61803398 Publication quality tables
\heavyrulewidth=\dimen170
\lightrulewidth=\dimen171
\cmidrulewidth=\dimen172
\belowrulesep=\dimen173
\belowbottomsep=\dimen174
\aboverulesep=\dimen175
\abovetopsep=\dimen176
\cmidrulesep=\dimen177
\cmidrulekern=\dimen178
\defaultaddspace=\dimen179
\@cmidla=\count280
\@cmidlb=\count281
\@aboverulesep=\dimen180
\@belowrulesep=\dimen181
\@thisruleclass=\count282
\@lastruleclass=\count283
\@thisrulewidth=\dimen182
)
(c:/texlive/2023/texmf-dist/tex/latex/tools/longtable.sty
Package: longtable 2023-11-01 v4.19 Multi-page Table package (DPC)
\LTleft=\skip59
\LTright=\skip60
\LTpre=\skip61
\LTpost=\skip62
\LTchunksize=\count284
\LTcapwidth=\dimen183
\LT@head=\box56
\LT@firsthead=\box57
\LT@foot=\box58
\LT@lastfoot=\box59
\LT@gbox=\box60
\LT@cols=\count285
\LT@rows=\count286
\c@LT@tables=\count287
\c@LT@chunks=\count288
\LT@p@ftn=\toks27
)
(c:/texlive/2023/texmf-dist/tex/latex/hyperref/hyperref.sty
Package: hyperref 2023-11-26 v7.01g Hypertext links for LaTeX

(c:/texlive/2023/texmf-dist/tex/generic/infwarerr/infwarerr.sty
Package: infwarerr 2019/12/03 v1.5 Providing info/warning/error messages (HO)
)
(c:/texlive/2023/texmf-dist/tex/latex/kvsetkeys/kvsetkeys.sty
Package: kvsetkeys 2022-10-05 v1.19 Key value parser (HO)
)
(c:/texlive/2023/texmf-dist/tex/generic/kvdefinekeys/kvdefinekeys.sty
Package: kvdefinekeys 2019-12-19 v1.6 Define keys (HO)
)
(c:/texlive/2023/texmf-dist/tex/generic/pdfescape/pdfescape.sty
Package: pdfescape 2019/12/09 v1.15 Implements pdfTeX's escape features (HO)

(c:/texlive/2023/texmf-dist/tex/generic/ltxcmds/ltxcmds.sty
Package: ltxcmds 2023-12-04 v1.26 LaTeX kernel commands for general use (HO)
)
(c:/texlive/2023/texmf-dist/tex/generic/pdftexcmds/pdftexcmds.sty
Package: pdftexcmds 2020-06-27 v0.33 Utility functions of pdfTeX for LuaTeX (HO
)
Package pdftexcmds Info: \pdf@primitive is available.
Package pdftexcmds Info: \pdf@ifprimitive is available.
Package pdftexcmds Info: \pdfdraftmode found.
))
(c:/texlive/2023/texmf-dist/tex/latex/hycolor/hycolor.sty
Package: hycolor 2020-01-27 v1.10 Color options for hyperref/bookmark (HO)
)
(c:/texlive/2023/texmf-dist/tex/latex/letltxmacro/letltxmacro.sty
Package: letltxmacro 2019/12/03 v1.6 Let assignment for LaTeX macros (HO)
)
(c:/texlive/2023/texmf-dist/tex/latex/auxhook/auxhook.sty
Package: auxhook 2019-12-17 v1.6 Hooks for auxiliary files (HO)
)
(c:/texlive/2023/texmf-dist/tex/latex/hyperref/nameref.sty
Package: nameref 2023-11-26 v2.56 Cross-referencing by name of section

(c:/texlive/2023/texmf-dist/tex/latex/refcount/refcount.sty
Package: refcount 2019/12/15 v3.6 Data extraction from label references (HO)
)
(c:/texlive/2023/texmf-dist/tex/generic/gettitlestring/gettitlestring.sty
Package: gettitlestring 2019/12/15 v1.6 Cleanup title references (HO)

(c:/texlive/2023/texmf-dist/tex/latex/kvoptions/kvoptions.sty
Package: kvoptions 2022-06-15 v3.15 Key value format for package options (HO)
))
\c@section@level=\count289
)
(c:/texlive/2023/texmf-dist/tex/latex/etoolbox/etoolbox.sty
Package: etoolbox 2020/10/05 v2.5k e-TeX tools for LaTeX (JAW)
\etb@tempcnta=\count290
)
\@linkdim=\dimen184
\Hy@linkcounter=\count291
\Hy@pagecounter=\count292

(c:/texlive/2023/texmf-dist/tex/latex/hyperref/pd1enc.def
File: pd1enc.def 2023-11-26 v7.01g Hyperref: PDFDocEncoding definition (HO)
Now handling font encoding PD1 ...
... no UTF-8 mapping file for font encoding PD1
)
(c:/texlive/2023/texmf-dist/tex/generic/intcalc/intcalc.sty
Package: intcalc 2019/12/15 v1.3 Expandable calculations with integers (HO)
)
\Hy@SavedSpaceFactor=\count293

(c:/texlive/2023/texmf-dist/tex/latex/hyperref/puenc.def
File: puenc.def 2023-11-26 v7.01g Hyperref: PDF Unicode definition (HO)
Now handling font encoding PU ...
... no UTF-8 mapping file for font encoding PU
)
Package hyperref Info: Hyper figures OFF on input line 4181.
Package hyperref Info: Link nesting OFF on input line 4186.
Package hyperref Info: Hyper index ON on input line 4189.
Package hyperref Info: Plain pages OFF on input line 4196.
Package hyperref Info: Backreferencing OFF on input line 4201.
Package hyperref Info: Implicit mode ON; LaTeX internals redefined.
Package hyperref Info: Bookmarks ON on input line 4448.
\c@Hy@tempcnt=\count294

(c:/texlive/2023/texmf-dist/tex/latex/url/url.sty
\Urlmuskip=\muskip17
Package: url 2013/09/16  ver 3.4  Verb mode for urls, etc.
)
LaTeX Info: Redefining \url on input line 4786.
\XeTeXLinkMargin=\dimen185

(c:/texlive/2023/texmf-dist/tex/generic/bitset/bitset.sty
Package: bitset 2019/12/09 v1.3 Handle bit-vector datatype (HO)

(c:/texlive/2023/texmf-dist/tex/generic/bigintcalc/bigintcalc.sty
Package: bigintcalc 2019/12/15 v1.5 Expandable calculations on big integers (HO
)
))
\Fld@menulength=\count295
\Field@Width=\dimen186
\Fld@charsize=\dimen187
Package hyperref Info: Hyper figures OFF on input line 6065.
Package hyperref Info: Link nesting OFF on input line 6070.
Package hyperref Info: Hyper index ON on input line 6073.
Package hyperref Info: backreferencing OFF on input line 6080.
Package hyperref Info: Link coloring OFF on input line 6085.
Package hyperref Info: Link coloring with OCG OFF on input line 6090.
Package hyperref Info: PDF/A mode OFF on input line 6095.

(c:/texlive/2023/texmf-dist/tex/latex/base/atbegshi-ltx.sty
Package: atbegshi-ltx 2021/01/10 v1.0c Emulation of the original atbegshi
package with kernel methods
)
\Hy@abspage=\count296
\c@Item=\count297
\c@Hfootnote=\count298
)
Package hyperref Info: Driver (autodetected): hpdftex.

(c:/texlive/2023/texmf-dist/tex/latex/hyperref/hpdftex.def
File: hpdftex.def 2023-11-26 v7.01g Hyperref driver for pdfTeX

(c:/texlive/2023/texmf-dist/tex/latex/base/atveryend-ltx.sty
Package: atveryend-ltx 2020/08/19 v1.0a Emulation of the original atveryend pac
kage
with kernel methods
)
\Fld@listcount=\count299
\c@bookmark@seq@number=\count300

(c:/texlive/2023/texmf-dist/tex/latex/rerunfilecheck/rerunfilecheck.sty
Package: rerunfilecheck 2022-07-10 v1.10 Rerun checks for auxiliary files (HO)

(c:/texlive/2023/texmf-dist/tex/generic/uniquecounter/uniquecounter.sty
Package: uniquecounter 2019/12/15 v1.4 Provide unlimited unique counter (HO)
)
Package uniquecounter Info: New unique counter `rerunfilecheck' on input line 2
85.
)
\Hy@SectionHShift=\skip63
)
(c:/texlive/2023/texmf-dist/tex/latex/enumitem/enumitem.sty
Package: enumitem 2019/06/20 v3.9 Customized lists
\labelindent=\skip64
\enit@outerparindent=\dimen188
\enit@toks=\toks28
\enit@inbox=\box61
\enit@count@id=\count301
\enitdp@description=\count302
)
(c:/texlive/2023/texmf-dist/tex/latex/xcolor/xcolor.sty
Package: xcolor 2023/11/15 v3.01 LaTeX color extensions (UK)

(c:/texlive/2023/texmf-dist/tex/latex/graphics-cfg/color.cfg
File: color.cfg 2016/01/02 v1.6 sample color configuration
)
Package xcolor Info: Driver file: pdftex.def on input line 274.

(c:/texlive/2023/texmf-dist/tex/latex/graphics-def/pdftex.def
File: pdftex.def 2022/09/22 v1.2b Graphics/color driver for pdftex
)
(c:/texlive/2023/texmf-dist/tex/latex/graphics/mathcolor.ltx)
Package xcolor Info: Model `cmy' substituted by `cmy0' on input line 1350.
Package xcolor Info: Model `hsb' substituted by `rgb' on input line 1354.
Package xcolor Info: Model `RGB' extended on input line 1366.
Package xcolor Info: Model `HTML' substituted by `rgb' on input line 1368.
Package xcolor Info: Model `Hsb' substituted by `hsb' on input line 1369.
Package xcolor Info: Model `tHsb' substituted by `hsb' on input line 1370.
Package xcolor Info: Model `HSB' substituted by `hsb' on input line 1371.
Package xcolor Info: Model `Gray' substituted by `gray' on input line 1372.
Package xcolor Info: Model `wave' substituted by `hsb' on input line 1373.
)
(c:/texlive/2023/texmf-dist/tex/latex/listings/listings.sty
\lst@mode=\count303
\lst@gtempboxa=\box62
\lst@token=\toks29
\lst@length=\count304
\lst@currlwidth=\dimen189
\lst@column=\count305
\lst@pos=\count306
\lst@lostspace=\dimen190
\lst@width=\dimen191
\lst@newlines=\count307
\lst@lineno=\count308
\lst@maxwidth=\dimen192

(c:/texlive/2023/texmf-dist/tex/latex/listings/lstmisc.sty
File: lstmisc.sty 2023/02/27 1.9 (Carsten Heinz)
\c@lstnumber=\count309
\lst@skipnumbers=\count310
\lst@framebox=\box63
)
(c:/texlive/2023/texmf-dist/tex/latex/listings/listings.cfg
File: listings.cfg 2023/02/27 1.9 listings configuration
))
Package: listings 2023/02/27 1.9 (Carsten Heinz)
Package hyperref Info: Option `colorlinks' set `true' on input line 21.
LaTeX Font Info:    Trying to load font information for T1+lmr on input line 44
.

(c:/texlive/2023/texmf-dist/tex/latex/lm/t1lmr.fd
File: t1lmr.fd 2015/05/01 v1.6.1 Font defs for Latin Modern
)
(c:/texlive/2023/texmf-dist/tex/latex/l3backend/l3backend-pdftex.def
File: l3backend-pdftex.def 2023-11-09 L3 backend support: PDF output (pdfTeX)
\l__color_backend_stack_int=\count311
\l__pdf_internal_box=\box64
)
(BHAC/doc/BHAC_plus_documentation.aux)
\openout1 = `BHAC_plus_documentation.aux'.

LaTeX Font Info:    Checking defaults for OML/cmm/m/it on input line 44.
LaTeX Font Info:    ... okay on input line 44.
LaTeX Font Info:    Checking defaults for OMS/cmsy/m/n on input line 44.
LaTeX Font Info:    ... okay on input line 44.
LaTeX Font Info:    Checking defaults for OT1/cmr/m/n on input line 44.
LaTeX Font Info:    ... okay on input line 44.
LaTeX Font Info:    Checking defaults for T1/cmr/m/n on input line 44.
LaTeX Font Info:    ... okay on input line 44.
LaTeX Font Info:    Checking defaults for TS1/cmr/m/n on input line 44.
LaTeX Font Info:    ... okay on input line 44.
LaTeX Font Info:    Checking defaults for OMX/cmex/m/n on input line 44.
LaTeX Font Info:    ... okay on input line 44.
LaTeX Font Info:    Checking defaults for U/cmr/m/n on input line 44.
LaTeX Font Info:    ... okay on input line 44.
LaTeX Font Info:    Checking defaults for PD1/pdf/m/n on input line 44.
LaTeX Font Info:    ... okay on input line 44.
LaTeX Font Info:    Checking defaults for PU/pdf/m/n on input line 44.
LaTeX Font Info:    ... okay on input line 44.

*geometry* driver: auto-detecting
*geometry* detected driver: pdftex
*geometry* verbose mode - [ preamble ] result:
* driver: pdftex
* paper: a4paper
* layout: <same size as paper>
* layoutoffset:(h,v)=(0.0pt,0.0pt)
* modes: 
* h-part:(L,W,R)=(62.59596pt, 472.31595pt, 62.59596pt)
* v-part:(T,H,B)=(62.59596pt, 719.85492pt, 62.59596pt)
* \paperwidth=597.50787pt
* \paperheight=845.04684pt
* \textwidth=472.31595pt
* \textheight=719.85492pt
* \oddsidemargin=-9.67403pt
* \evensidemargin=-9.67403pt
* \topmargin=-46.67403pt
* \headheight=12.0pt
* \headsep=25.0pt
* \topskip=11.0pt
* \footskip=30.0pt
* \marginparwidth=50.0pt
* \marginparsep=10.0pt
* \columnsep=10.0pt
* \skip\footins=10.0pt plus 4.0pt minus 2.0pt
* \hoffset=0.0pt
* \voffset=0.0pt
* \mag=1000
* \@twocolumnfalse
* \@twosidefalse
* \@mparswitchfalse
* \@reversemarginfalse
* (1in=72.27pt=25.4mm, 1cm=28.453pt)

(c:/texlive/2023/texmf-dist/tex/latex/graphics/graphicx.sty
Package: graphicx 2021/09/16 v1.2d Enhanced LaTeX Graphics (DPC,SPQR)

(c:/texlive/2023/texmf-dist/tex/latex/graphics/graphics.sty
Package: graphics 2022/03/10 v1.4e Standard LaTeX Graphics (DPC,SPQR)

(c:/texlive/2023/texmf-dist/tex/latex/graphics/trig.sty
Package: trig 2021/08/11 v1.11 sin cos tan (DPC)
)
(c:/texlive/2023/texmf-dist/tex/latex/graphics-cfg/graphics.cfg
File: graphics.cfg 2016/06/04 v1.11 sample graphics configuration
)
Package graphics Info: Driver file: pdftex.def on input line 107.
)
\Gin@req@height=\dimen193
\Gin@req@width=\dimen194
)
Package hyperref Info: Link coloring ON on input line 44.

(BHAC/doc/BHAC_plus_documentation.out) (BHAC/doc/BHAC_plus_documentation.out)
\@outlinefile=\write3
\openout3 = `BHAC_plus_documentation.out'.


(c:/texlive/2023/texmf-dist/tex/context/base/mkii/supp-pdf.mkii
[Loading MPS to PDF converter (version 2006.09.02).]
\scratchcounter=\count312
\scratchdimen=\dimen195
\scratchbox=\box65
\nofMPsegments=\count313
\nofMParguments=\count314
\everyMPshowfont=\toks30
\MPscratchCnt=\count315
\MPscratchDim=\dimen196
\MPnumerator=\count316
\makeMPintoPDFobject=\count317
\everyMPtoPDFconversion=\toks31
) (c:/texlive/2023/texmf-dist/tex/latex/epstopdf-pkg/epstopdf-base.sty
Package: epstopdf-base 2020-01-24 v2.11 Base part for package epstopdf
Package epstopdf-base Info: Redefining graphics rule for `.eps' on input line 4
85.

(c:/texlive/2023/texmf-dist/tex/latex/latexconfig/epstopdf-sys.cfg
File: epstopdf-sys.cfg 2010/07/13 v1.3 Configuration of (r)epstopdf for TeX Liv
e
))
\c@lstlisting=\count318
LaTeX Font Info:    Trying to load font information for OT1+lmr on input line 4
6.

(c:/texlive/2023/texmf-dist/tex/latex/lm/ot1lmr.fd
File: ot1lmr.fd 2015/05/01 v1.6.1 Font defs for Latin Modern
)
LaTeX Font Info:    Trying to load font information for OML+lmm on input line 4
6.

(c:/texlive/2023/texmf-dist/tex/latex/lm/omllmm.fd
File: omllmm.fd 2015/05/01 v1.6.1 Font defs for Latin Modern
)
LaTeX Font Info:    Trying to load font information for OMS+lmsy on input line 
46.

(c:/texlive/2023/texmf-dist/tex/latex/lm/omslmsy.fd
File: omslmsy.fd 2015/05/01 v1.6.1 Font defs for Latin Modern
)
LaTeX Font Info:    Trying to load font information for OMX+lmex on input line 
46.

(c:/texlive/2023/texmf-dist/tex/latex/lm/omxlmex.fd
File: omxlmex.fd 2015/05/01 v1.6.1 Font defs for Latin Modern
)
LaTeX Font Info:    External font `lmex10' loaded for size
(Font)              <12> on input line 46.
LaTeX Font Info:    External font `lmex10' loaded for size
(Font)              <8> on input line 46.
LaTeX Font Info:    External font `lmex10' loaded for size
(Font)              <6> on input line 46.
LaTeX Font Info:    Trying to load font information for U+msa on input line 46.


(c:/texlive/2023/texmf-dist/tex/latex/amsfonts/umsa.fd
File: umsa.fd 2013/01/14 v3.01 AMS symbols A
)
LaTeX Font Info:    Trying to load font information for U+msb on input line 46.


(c:/texlive/2023/texmf-dist/tex/latex/amsfonts/umsb.fd
File: umsb.fd 2013/01/14 v3.01 AMS symbols B
)
(BHAC/doc/BHAC_plus_documentation.toc
LaTeX Font Info:    External font `lmex10' loaded for size
(Font)              <10.95> on input line 2.
 [1

{c:/texlive/2023/texmf-var/fonts/map/pdftex/updmap/pdftex.map}{c:/texlive/2023/
texmf-dist/fonts/enc/dvips/lm/lm-ec.enc}])
\tf@toc=\write4
\openout4 = `BHAC_plus_documentation.toc'.

 [2]

LaTeX Font Warning: Font shape `T1/lmr/bx/sc' undefined
(Font)              using `T1/lmr/bx/n' instead on input line 58.

LaTeX Font Info:    Trying to load font information for TS1+lmr on input line 6
2.
(c:/texlive/2023/texmf-dist/tex/latex/lm/ts1lmr.fd
File: ts1lmr.fd 2015/05/01 v1.6.1 Font defs for Latin Modern
)
LaTeX Font Info:    Trying to load font information for T1+lmtt on input line 6
2.

(c:/texlive/2023/texmf-dist/tex/latex/lm/t1lmtt.fd
File: t1lmtt.fd 2015/05/01 v1.6.1 Font defs for Latin Modern
)
Overfull \hbox (32.34433pt too wide) in paragraph at lines 67--68
[]\T1/lmr/m/n/10.95 I/O, im-port, con-ver-sion, and de-tec-tor in-fras-truc-tur
e in \T1/lmtt/m/n/10.95 BHAC/src/amrvacio \T1/lmr/m/n/10.95 and \T1/lmtt/m/n/10
.95 BHAC/src/ID_reader\T1/lmr/m/n/10.95 . 
 []

(c:/texlive/2023/texmf-dist/tex/latex/listings/lstlang1.sty
File: lstlang1.sty 2023/02/27 1.9 listings language file
)
(c:/texlive/2023/texmf-dist/tex/latex/listings/lstlang1.sty
File: lstlang1.sty 2023/02/27 1.9 listings language file
)
LaTeX Font Info:    Font shape `T1/lmtt/bx/n' in size <10> not available
(Font)              Font shape `T1/lmtt/b/n' tried instead on input line 89.
 [3{c:/texlive/2023/texmf-dist/fonts/enc/dvips/lm/lm-ts1.enc}{c:/texlive/2023/t
exmf-dist/fonts/enc/dvips/lm/lm-mathit.enc}]
Overfull \hbox (19.83936pt too wide) in paragraph at lines 117--118
[]\T1/lmtt/m/n/10.95 BHAC/src/geometry/makefile \T1/lmr/m/n/10.95 and \T1/lmtt/
m/n/10.95 BHAC/src/geometry/cfc/makefile\T1/lmr/m/n/10.95 : co-or-di-nate and C
FC/GW
 []

[4]
Overfull \hbox (74.3251pt too wide) in paragraph at lines 164--165
[]\T1/lmr/bx/n/10.95 Leptonic 4D EOS: \T1/lmtt/m/n/10.95 eos_type_input='lepton
ic' \T1/lmr/m/n/10.95 with both \T1/lmtt/m/n/10.95 baryon_table_name \T1/lmr/m/
n/10.95 and \T1/lmtt/m/n/10.95 leptonic_table_name\T1/lmr/m/n/10.95 . 
 []


Overfull \hbox (19.21956pt too wide) in paragraph at lines 165--166
[]\T1/lmr/bx/n/10.95 Three-spec M1 with Weakhub: \T1/lmtt/m/n/10.95 m1_use_neut
rinos=T\T1/lmr/m/n/10.95 , \T1/lmtt/m/n/10.95 m1_use_muons=F\T1/lmr/m/n/10.95 ,
 \T1/lmtt/m/n/10.95 m1_rates_Weakhub=T\T1/lmr/m/n/10.95 . 
 []


Overfull \hbox (80.27188pt too wide) in paragraph at lines 167--168
[]\T1/lmr/bx/n/10.95 Five-spec muonic M1: \T1/lmtt/m/n/10.95 m1_use_neutrinos=T
\T1/lmr/m/n/10.95 , \T1/lmtt/m/n/10.95 m1_use_muons=T\T1/lmr/m/n/10.95 , \T1/lm
tt/m/n/10.95 m1_use_5_species=T\T1/lmr/m/n/10.95 , \T1/lmtt/m/n/10.95 m1_rates_
Weakhub=T\T1/lmr/m/n/10.95 .
 []

[5{c:/texlive/2023/texmf-dist/fonts/enc/dvips/lm/lm-rm.enc}]
Overfull \hbox (6.34402pt too wide) in paragraph at lines 195--195
[]|\T1/lmtt/m/n/10.95 BHAC/src/eos_modules|  
 []


Overfull \hbox (58.08263pt too wide) in paragraph at lines 196--196
[]|\T1/lmtt/m/n/10.95 BHAC/src/eos_modules/leptonic|  
 []


Overfull \hbox (12.09276pt too wide) in paragraph at lines 198--198
[]|\T1/lmtt/m/n/10.95 BHAC/src/geometry/cfc|  
 []

[6] [7] [8]
LaTeX Font Info:    Font shape `T1/lmtt/bx/n' in size <12> not available
(Font)              Font shape `T1/lmtt/b/n' tried instead on input line 327.

Underfull \hbox (badness 10000) in paragraph at lines 330--330
[]\T1/lmr/m/n/10.95 Table 3: Rou-tine in-ven-tory for
 []

[9] [10{c:/texlive/2023/texmf-dist/fonts/enc/dvips/lm/lm-mathsy.enc}] [11]
Overfull \hbox (12.06493pt too wide) in paragraph at lines 458--459
[]\T1/lmr/m/n/10.95 This at-mo-sphere layer de-fines the lower bounds \T1/lmtt/
m/n/10.95 small_rho\T1/lmr/m/n/10.95 , \T1/lmtt/m/n/10.95 small_eps\T1/lmr/m/n/
10.95 , \T1/lmtt/m/n/10.95 small_press\T1/lmr/m/n/10.95 , \T1/lmtt/m/n/10.95 sm
all_temp\T1/lmr/m/n/10.95 ,
 []


Underfull \hbox (badness 10000) in paragraph at lines 476--476
[]\T1/lmr/m/n/10.95 Table 4: Rou-tine in-ven-tory for
 []


Overfull \hbox (11.47046pt too wide) in paragraph at lines 486--486
[]|\T1/lmtt/m/n/10.95 eos_tabulated_read_params|  
 []


Overfull \hbox (45.96286pt too wide) in paragraph at lines 488--488
[]|\T1/lmtt/m/n/10.95 tabulated_get_pressure_one_grid|  
 []


Overfull \hbox (17.2192pt too wide) in paragraph at lines 489--489
[]|\T1/lmtt/m/n/10.95 tabulated_get_eps_one_grid|  
 []


Overfull \hbox (17.2192pt too wide) in paragraph at lines 490--490
[]|\T1/lmtt/m/n/10.95 tabulated_get_cs2_one_grid|  
 []


Overfull \hbox (22.96793pt too wide) in paragraph at lines 491--491
[]|\T1/lmtt/m/n/10.95 tabulated_get_temp_one_grid|  
 []


Overfull \hbox (40.21413pt too wide) in paragraph at lines 492--492
[]|\T1/lmtt/m/n/10.95 tabulated_eps_get_all_one_grid|  
 []


Overfull \hbox (45.96286pt too wide) in paragraph at lines 493--493
[]|\T1/lmtt/m/n/10.95 tabulated_temp_get_all_one_grid|  
 []


Overfull \hbox (22.96793pt too wide) in paragraph at lines 495--495
[]|\T1/lmtt/m/n/10.95 tabulated_logeps_to_logtemp|  
 []


Overfull \hbox (68.9578pt too wide) in paragraph at lines 496--496
[]|\T1/lmtt/m/n/10.95 tabulated_get_all_beta_eqm_one_grid|  
 []

[12{c:/texlive/2023/texmf-dist/fonts/enc/dvips/lm/lm-mathex.enc}]
Overfull \hbox (72.88602pt too wide) in paragraph at lines 500--501
[]\T1/lmr/m/n/10.95 Numerically, the tab-u-lated EOS path re-lies on in-ter-po-
la-tion ta-bles stored in \T1/lmtt/m/n/10.95 mod_eos_tabulated_parameters.t
 []


Underfull \hbox (badness 10000) in paragraph at lines 527--527
[]\T1/lmr/m/n/10.95 Table 5: Rou-tine in-ven-tory for
 []


Overfull \hbox (29.74483pt too wide) in paragraph at lines 540--540
[]|\T1/lmtt/m/n/10.95 leptonic_eval_total_from_logs|  
 []


Overfull \hbox (35.49356pt too wide) in paragraph at lines 541--541
[]|\T1/lmtt/m/n/10.95 leptonic_get_pressure_one_grid|  
 []


Overfull \hbox (6.7499pt too wide) in paragraph at lines 542--542
[]|\T1/lmtt/m/n/10.95 leptonic_get_eps_one_grid|  
 []


Overfull \hbox (6.7499pt too wide) in paragraph at lines 543--543
[]|\T1/lmtt/m/n/10.95 leptonic_get_cs2_one_grid|  
 []


Overfull \hbox (12.49863pt too wide) in paragraph at lines 544--544
[]|\T1/lmtt/m/n/10.95 leptonic_get_temp_one_grid|  
 []


Overfull \hbox (35.49356pt too wide) in paragraph at lines 546--546
[]|\T1/lmtt/m/n/10.95 leptonic_temp_get_all_one_grid|  
 []


Overfull \hbox (29.74483pt too wide) in paragraph at lines 547--547
[]|\T1/lmtt/m/n/10.95 leptonic_eps_get_all_one_grid|  
 []


Overfull \hbox (1.00116pt too wide) in paragraph at lines 548--548
[]|\T1/lmtt/m/n/10.95 leptonic_find_ye_of_mumu|  
 []


Overfull \hbox (58.4885pt too wide) in paragraph at lines 550--550
[]|\T1/lmtt/m/n/10.95 leptonic_get_all_beta_eqm_one_grid|  
 []

[13] [14]
Underfull \hbox (badness 10000) in paragraph at lines 592--592
[]\T1/lmr/m/n/10.95 Table 6: Main GRMHD in-ter-face rou-tines in
 []


Overfull \hbox (2.64442pt too wide) in paragraph at lines 615--615
[]|\T1/lmtt/m/n/10.95 addsource_elecheating|  
 []

[15] [16] [17]
Overfull \hbox (56.43216pt too wide) in paragraph at lines 752--752
[]|\T1/lmtt/m/n/10.95 m1_correct_asymptotic_fluxes_old|  
 []


Overfull \hbox (33.43723pt too wide) in paragraph at lines 753--753
[]|\T1/lmtt/m/n/10.95 m1_correct_asymptotic_fluxes|  
 []


Overfull \hbox (21.93976pt too wide) in paragraph at lines 754--754
[]|\T1/lmtt/m/n/10.95 m1_add_geometrical_sources|  
 []


Overfull \hbox (21.93976pt too wide) in paragraph at lines 755--755
[]|\T1/lmtt/m/n/10.95 m1_add_collisional_sources|  
 []

[18] [19]
Overfull \hbox (16.17375pt too wide) in paragraph at lines 821--822
[]\T1/lmr/m/n/10.95 computation of per-cell emis-siv-ity, ab-sorp-tion, scat-te
r-ing, number-emission, and number-absorption
 []

[20] [21] [22]
LaTeX Font Info:    Font shape `T1/lmtt/bx/n' in size <10.95> not available
(Font)              Font shape `T1/lmtt/b/n' tried instead on input line 978.
 [23]
Overfull \hbox (80.81009pt too wide) in paragraph at lines 1006--1007
[]\T1/lmr/m/n/10.95 interpolation ker-nels \T1/lmtt/m/n/10.95 linear_interp_3d\
T1/lmr/m/n/10.95 , \T1/lmtt/m/n/10.95 Hermitian_interp_3order_3d\T1/lmr/m/n/10.
95 , \T1/lmtt/m/n/10.95 lagrangian_interp_high_order_3d\T1/lmr/m/n/10.95 . 
 []


Overfull \hbox (8.08354pt too wide) in paragraph at lines 1011--1012
\T1/lmr/m/n/10.95 The de-tec-tor mod-ule \T1/lmtt/m/n/10.95 BHAC/src/amrvacio/m
od_healpix_det.t \T1/lmr/m/n/10.95 com-putes shell and surface-integrated
 []


Overfull \hbox (15.0679pt too wide) in paragraph at lines 1022--1023
[]\T1/lmr/m/n/10.95 initialize de-tec-tors and parse the se-lected out-flow nam
es through \T1/lmtt/m/n/10.95 initialize_healpix_detectors\T1/lmr/m/n/10.95 ; 
 []


Overfull \hbox (61.98172pt too wide) in paragraph at lines 1033--1034
[]\T1/lmtt/m/n/10.95 calculate_flux_m1\T1/lmr/m/n/10.95 , \T1/lmtt/m/n/10.95 ca
lculate_flux_poynting\T1/lmr/m/n/10.95 , \T1/lmtt/m/n/10.95 calculate_flux_mass
\T1/lmr/m/n/10.95 , \T1/lmtt/m/n/10.95 calculate_flux_unbound_mass\T1/lmr/m/n/1
0.95 ; 
 []


Overfull \hbox (73.50961pt too wide) in paragraph at lines 1034--1035
[]\T1/lmtt/m/n/10.95 calculate_shell_inverse_beta\T1/lmr/m/n/10.95 , \T1/lmtt/m
/n/10.95 calculate_shell_omega_xy\T1/lmr/m/n/10.95 , \T1/lmtt/m/n/10.95 calcula
te_shell_velo_parker_criterion\T1/lmr/m/n/10.95 ,
 []


Overfull \hbox (16.02228pt too wide) in paragraph at lines 1034--1035
\T1/lmtt/m/n/10.95 calculate_shell_velo_asymptotic\T1/lmr/m/n/10.95 , \T1/lmtt/
m/n/10.95 calculate_shell_velo_r\T1/lmr/m/n/10.95 , \T1/lmtt/m/n/10.95 calculat
e_shell_specific_j\T1/lmr/m/n/10.95 ; 
 []


Overfull \hbox (113.72032pt too wide) in paragraph at lines 1035--1036
[]\T1/lmtt/m/n/10.95 projection_flux_on_sphere\T1/lmr/m/n/10.95 , \T1/lmtt/m/n/
10.95 surface_integral_outflow\T1/lmr/m/n/10.95 , \T1/lmtt/m/n/10.95 calculate_
all_outflow\T1/lmr/m/n/10.95 , \T1/lmtt/m/n/10.95 save_outflow_snap_to_hdf5\T1/
lmr/m/n/10.95 . 
 []

[24] [25] [26] [27] (BHAC/doc/BHAC_plus_documentation.aux)
 ***********
LaTeX2e <2023-11-01>
L3 programming layer <2023-12-08>
 ***********


LaTeX Font Warning: Some font shapes were not available, defaults substituted.

Package rerunfilecheck Info: File `BHAC_plus_documentation.out' has not changed
.
(rerunfilecheck)             Checksum: C2F2A62EE6F2AAC9C83E98EDDEF621FE;14098.
 ) 
Here is how much of TeX's memory you used:
 14252 strings out of 474171
 213672 string characters out of 5749597
 1991473 words of memory out of 5000000
 36125 multiletter control sequences out of 15000+600000
 626655 words of font info for 83 fonts, out of 8000000 for 9000
 1141 hyphenation exceptions out of 8191
 75i,8n,79p,516b,2099s stack positions out of 10000i,1000n,20000p,200000b,200000s
<c:/texlive/2023/texmf-dist/fonts/type1/public/lm/lmbx10.pfb><c:/texlive/2023
/texmf-dist/fonts/type1/public/lm/lmbx12.pfb><c:/texlive/2023/texmf-dist/fonts/
type1/public/lm/lmcsc10.pfb><c:/texlive/2023/texmf-dist/fonts/type1/public/lm/l
mex10.pfb><c:/texlive/2023/texmf-dist/fonts/type1/public/lm/lmmi10.pfb><c:/texl
ive/2023/texmf-dist/fonts/type1/public/lm/lmmi6.pfb><c:/texlive/2023/texmf-dist
/fonts/type1/public/lm/lmmi8.pfb><c:/texlive/2023/texmf-dist/fonts/type1/public
/lm/lmr10.pfb><c:/texlive/2023/texmf-dist/fonts/type1/public/lm/lmr12.pfb><c:/t
exlive/2023/texmf-dist/fonts/type1/public/lm/lmr17.pfb><c:/texlive/2023/texmf-d
ist/fonts/type1/public/lm/lmr8.pfb><c:/texlive/2023/texmf-dist/fonts/type1/publ
ic/lm/lmri10.pfb><c:/texlive/2023/texmf-dist/fonts/type1/public/lm/lmsy10.pfb><
c:/texlive/2023/texmf-dist/fonts/type1/public/lm/lmsy8.pfb><c:/texlive/2023/tex
mf-dist/fonts/type1/public/lm/lmtk10.pfb><c:/texlive/2023/texmf-dist/fonts/type
1/public/lm/lmtt10.pfb>
Output written on BHAC/doc/BHAC_plus_documentation.pdf (27 pages, 382937 bytes)
.
PDF statistics:
 710 PDF objects out of 1000 (max. 8388607)
 639 compressed objects within 7 object streams
 217 named destinations out of 1000 (max. 500000)
 497 words of extra memory for PDF output out of 10000 (max. 10000000)

